<?xml version="1.0" encoding="UTF-8"?>
<!-- Generated by org.testng.reporters.JUnitXMLReporter -->
<testsuite hostname="DESKTOP-AB1UVI3" ignored="5" name="Test" tests="9" failures="2" timestamp="09 Jul 2021 19:03:29 GMT" time="47.594" errors="0">
  <testcase name="TestURLTest" time="0.038" classname="com.jbk.Test.DashboardPageTest"/>
  <testcase name="Verify_CoursesTest" time="0.157" classname="com.jbk.Test.DashboardPageTest"/>
  <testcase name="Verify_Sub_CoursesTest" time="0.188" classname="com.jbk.Test.DashboardPageTest"/>
  <testcase name="verifyDashHeadingTest" time="0.086" classname="com.jbk.Test.DashboardPageTest"/>
  <testcase name="verifyDashTitleTest" time="0.024" classname="com.jbk.Test.DashboardPageTest"/>
  <testcase name="verify_menusTest" time="0.66" classname="com.jbk.Test.DashboardPageTest"/>
  <testcase name="verifyHeaderOfUPTest" time="0.377" classname="com.jbk.Test.UserPageTest">
    <failure type="java.lang.AssertionError" message="lists don&amp;apos;t have the same size expected [8] but found [5]">
      <![CDATA[java.lang.AssertionError: lists don't have the same size expected [8] but found [5]
at com.jbk.Test.UserPageTest.verifyHeaderOfUPTest(UserPageTest.java:30)
... Removed 36 stack frames]]>
    </failure>
  </testcase> <!-- verifyHeaderOfUPTest -->
  <testcase name="validUserForWhatsappAndPhoneCalls" time="0.364" classname="com.jbk.Test.OperatorPageTest"/>
  <testcase name="invalidLoginTest" time="0.033" classname="com.jbk.Test.LoginPageTest">
    <failure type="java.lang.IllegalArgumentException" message="Keys to send should be a not null CharSequence">
      <![CDATA[java.lang.IllegalArgumentException: Keys to send should be a not null CharSequence
at org.openqa.selenium.remote.RemoteWebElement.sendKeys(RemoteWebElement.java:93)
at org.openqa.selenium.support.pagefactory.internal.LocatingElementHandler.invoke(LocatingElementHandler.java:51)
at com.sun.proxy.$Proxy7.sendKeys(Unknown Source)
at com.jbk.Pages.LoginPage.invalidLogin(LoginPage.java:21)
at com.jbk.Test.LoginPageTest.invalidLoginTest(LoginPageTest.java:25)
... Removed 32 stack frames]]>
    </failure>
  </testcase> <!-- invalidLoginTest -->
  <testcase name="@BeforeSuite startReport" time="0.0" classname="com.jbk.TestBase.TestBase">
    <ignored/>
  </testcase> <!-- @BeforeSuite startReport -->
  <testcase name="@BeforeSuite startReport" time="0.0" classname="com.jbk.TestBase.TestBase">
    <ignored/>
  </testcase> <!-- @BeforeSuite startReport -->
  <testcase name="@BeforeSuite startReport" time="0.0" classname="com.jbk.TestBase.TestBase">
    <ignored/>
  </testcase> <!-- @BeforeSuite startReport -->
  <testcase name="@BeforeSuite startReport" time="0.0" classname="com.jbk.TestBase.TestBase">
    <ignored/>
  </testcase> <!-- @BeforeSuite startReport -->
  <testcase name="@BeforeSuite startReport" time="0.0" classname="com.jbk.TestBase.TestBase">
    <ignored/>
  </testcase> <!-- @BeforeSuite startReport -->
</testsuite> <!-- Test -->
