<?xml version="1.0" encoding="UTF-8"?>
<testng-results skipped="0" failed="2" ignored="5" total="14" passed="7">
  <reporter-output>
  </reporter-output>
  <suite name="Suite" duration-ms="47594" started-at="2021-07-09T19:02:41Z" finished-at="2021-07-09T19:03:29Z">
    <groups>
    </groups>
    <test name="Test" duration-ms="47594" started-at="2021-07-09T19:02:41Z" finished-at="2021-07-09T19:03:29Z">
      <class name="com.jbk.Test.OperatorPageTest">
        <test-method status="PASS" signature="setUp()[pri:0, instance:com.jbk.Test.OperatorPageTest@7ac7a4e4]" name="setUp" is-config="true" duration-ms="8823" started-at="2021-07-09T19:03:14Z" finished-at="2021-07-09T19:03:23Z">
          <reporter-output>
          </reporter-output>
        </test-method> <!-- setUp -->
        <test-method status="PASS" signature="validUserForWhatsappAndPhoneCalls()[pri:1, instance:com.jbk.Test.OperatorPageTest@7ac7a4e4]" name="validUserForWhatsappAndPhoneCalls" duration-ms="364" started-at="2021-07-09T19:03:23Z" finished-at="2021-07-09T19:03:24Z">
          <reporter-output>
          </reporter-output>
        </test-method> <!-- validUserForWhatsappAndPhoneCalls -->
      </class> <!-- com.jbk.Test.OperatorPageTest -->
      <class name="com.jbk.Test.DashboardPageTest">
        <test-method status="PASS" signature="setUp()[pri:0, instance:com.jbk.Test.DashboardPageTest@50c87b21]" name="setUp" is-config="true" duration-ms="4138" started-at="2021-07-09T19:02:41Z" finished-at="2021-07-09T19:02:45Z">
          <reporter-output>
          </reporter-output>
        </test-method> <!-- setUp -->
        <test-method status="PASS" signature="TestURLTest()[pri:0, instance:com.jbk.Test.DashboardPageTest@50c87b21]" name="TestURLTest" duration-ms="38" started-at="2021-07-09T19:02:45Z" finished-at="2021-07-09T19:02:45Z">
          <reporter-output>
          </reporter-output>
        </test-method> <!-- TestURLTest -->
        <test-method status="PASS" signature="setUp()[pri:0, instance:com.jbk.Test.DashboardPageTest@50c87b21]" name="setUp" is-config="true" duration-ms="3252" started-at="2021-07-09T19:02:45Z" finished-at="2021-07-09T19:02:49Z">
          <reporter-output>
          </reporter-output>
        </test-method> <!-- setUp -->
        <test-method status="PASS" signature="Verify_CoursesTest()[pri:0, instance:com.jbk.Test.DashboardPageTest@50c87b21]" name="Verify_CoursesTest" duration-ms="157" started-at="2021-07-09T19:02:49Z" finished-at="2021-07-09T19:02:49Z">
          <reporter-output>
          </reporter-output>
        </test-method> <!-- Verify_CoursesTest -->
        <test-method status="PASS" signature="setUp()[pri:0, instance:com.jbk.Test.DashboardPageTest@50c87b21]" name="setUp" is-config="true" duration-ms="4549" started-at="2021-07-09T19:02:49Z" finished-at="2021-07-09T19:02:53Z">
          <reporter-output>
          </reporter-output>
        </test-method> <!-- setUp -->
        <test-method status="PASS" signature="Verify_Sub_CoursesTest()[pri:0, instance:com.jbk.Test.DashboardPageTest@50c87b21]" name="Verify_Sub_CoursesTest" duration-ms="188" started-at="2021-07-09T19:02:53Z" finished-at="2021-07-09T19:02:53Z">
          <reporter-output>
          </reporter-output>
        </test-method> <!-- Verify_Sub_CoursesTest -->
        <test-method status="PASS" signature="setUp()[pri:0, instance:com.jbk.Test.DashboardPageTest@50c87b21]" name="setUp" is-config="true" duration-ms="3190" started-at="2021-07-09T19:02:53Z" finished-at="2021-07-09T19:02:57Z">
          <reporter-output>
          </reporter-output>
        </test-method> <!-- setUp -->
        <test-method status="PASS" signature="verifyDashHeadingTest()[pri:0, instance:com.jbk.Test.DashboardPageTest@50c87b21]" name="verifyDashHeadingTest" duration-ms="86" started-at="2021-07-09T19:02:57Z" finished-at="2021-07-09T19:02:57Z">
          <reporter-output>
          </reporter-output>
        </test-method> <!-- verifyDashHeadingTest -->
        <test-method status="PASS" signature="setUp()[pri:0, instance:com.jbk.Test.DashboardPageTest@50c87b21]" name="setUp" is-config="true" duration-ms="3851" started-at="2021-07-09T19:02:57Z" finished-at="2021-07-09T19:03:01Z">
          <reporter-output>
          </reporter-output>
        </test-method> <!-- setUp -->
        <test-method status="PASS" signature="verifyDashTitleTest()[pri:0, instance:com.jbk.Test.DashboardPageTest@50c87b21]" name="verifyDashTitleTest" duration-ms="24" started-at="2021-07-09T19:03:01Z" finished-at="2021-07-09T19:03:01Z">
          <reporter-output>
          </reporter-output>
        </test-method> <!-- verifyDashTitleTest -->
        <test-method status="PASS" signature="setUp()[pri:0, instance:com.jbk.Test.DashboardPageTest@50c87b21]" name="setUp" is-config="true" duration-ms="5180" started-at="2021-07-09T19:03:01Z" finished-at="2021-07-09T19:03:06Z">
          <reporter-output>
          </reporter-output>
        </test-method> <!-- setUp -->
        <test-method status="PASS" signature="verify_menusTest()[pri:0, instance:com.jbk.Test.DashboardPageTest@50c87b21]" name="verify_menusTest" duration-ms="660" started-at="2021-07-09T19:03:06Z" finished-at="2021-07-09T19:03:06Z">
          <reporter-output>
          </reporter-output>
        </test-method> <!-- verify_menusTest -->
      </class> <!-- com.jbk.Test.DashboardPageTest -->
      <class name="com.jbk.Test.UserPageTest">
        <test-method status="PASS" signature="startReport()[pri:0, instance:com.jbk.Test.UserPageTest@548b7f67]" name="startReport" is-config="true" duration-ms="216" started-at="2021-07-09T19:02:41Z" finished-at="2021-07-09T19:02:41Z">
          <reporter-output>
          </reporter-output>
        </test-method> <!-- startReport -->
        <test-method status="PASS" signature="setUp()[pri:0, instance:com.jbk.Test.UserPageTest@548b7f67]" name="setUp" is-config="true" duration-ms="7655" started-at="2021-07-09T19:03:06Z" finished-at="2021-07-09T19:03:14Z">
          <reporter-output>
          </reporter-output>
        </test-method> <!-- setUp -->
        <test-method status="FAIL" signature="verifyHeaderOfUPTest()[pri:1, instance:com.jbk.Test.UserPageTest@548b7f67]" name="verifyHeaderOfUPTest" duration-ms="377" started-at="2021-07-09T19:03:14Z" finished-at="2021-07-09T19:03:14Z">
          <exception class="java.lang.AssertionError">
            <message>
              <![CDATA[lists don't have the same size expected [8] but found [5]]]>
            </message>
            <full-stacktrace>
              <![CDATA[java.lang.AssertionError: lists don't have the same size expected [8] but found [5]
at org.testng.Assert.fail(Assert.java:96)
at org.testng.Assert.failNotEquals(Assert.java:776)
at org.testng.Assert.assertEqualsImpl(Assert.java:137)
at org.testng.Assert.assertEquals(Assert.java:118)
at org.testng.Assert.assertEquals(Assert.java:652)
at org.testng.Assert.assertEquals(Assert.java:819)
at org.testng.Assert.assertEquals(Assert.java:796)
at com.jbk.Test.UserPageTest.verifyHeaderOfUPTest(UserPageTest.java:30)
at sun.reflect.NativeMethodAccessorImpl.invoke0(Native Method)
at sun.reflect.NativeMethodAccessorImpl.invoke(NativeMethodAccessorImpl.java:62)
at sun.reflect.DelegatingMethodAccessorImpl.invoke(DelegatingMethodAccessorImpl.java:43)
at java.lang.reflect.Method.invoke(Method.java:497)
at org.testng.internal.MethodInvocationHelper.invokeMethod(MethodInvocationHelper.java:124)
at org.testng.internal.Invoker.invokeMethod(Invoker.java:583)
at org.testng.internal.Invoker.invokeTestMethod(Invoker.java:719)
at org.testng.internal.Invoker.invokeTestMethods(Invoker.java:989)
at org.testng.internal.TestMethodWorker.invokeTestMethods(TestMethodWorker.java:125)
at org.testng.internal.TestMethodWorker.run(TestMethodWorker.java:109)
at org.testng.TestRunner.privateRun(TestRunner.java:648)
at org.testng.TestRunner.run(TestRunner.java:505)
at org.testng.SuiteRunner.runTest(SuiteRunner.java:455)
at org.testng.SuiteRunner.runSequentially(SuiteRunner.java:450)
at org.testng.SuiteRunner.privateRun(SuiteRunner.java:415)
at org.testng.SuiteRunner.run(SuiteRunner.java:364)
at org.testng.SuiteRunnerWorker.runSuite(SuiteRunnerWorker.java:52)
at org.testng.SuiteRunnerWorker.run(SuiteRunnerWorker.java:84)
at org.testng.TestNG.runSuitesSequentially(TestNG.java:1208)
at org.testng.TestNG.runSuitesLocally(TestNG.java:1137)
at org.testng.TestNG.runSuites(TestNG.java:1049)
at org.testng.TestNG.run(TestNG.java:1017)
at org.apache.maven.surefire.testng.TestNGExecutor.run(TestNGExecutor.java:284)
at org.apache.maven.surefire.testng.TestNGXmlTestSuite.execute(TestNGXmlTestSuite.java:75)
at org.apache.maven.surefire.testng.TestNGProvider.invoke(TestNGProvider.java:119)
at org.apache.maven.surefire.booter.ForkedBooter.runSuitesInProcess(ForkedBooter.java:428)
at org.apache.maven.surefire.booter.ForkedBooter.execute(ForkedBooter.java:162)
at org.apache.maven.surefire.booter.ForkedBooter.run(ForkedBooter.java:562)
at org.apache.maven.surefire.booter.ForkedBooter.main(ForkedBooter.java:548)
]]>
            </full-stacktrace>
          </exception> <!-- java.lang.AssertionError -->
          <reporter-output>
          </reporter-output>
        </test-method> <!-- verifyHeaderOfUPTest -->
      </class> <!-- com.jbk.Test.UserPageTest -->
      <class name="com.jbk.Test.LoginPageTest">
        <test-method status="PASS" signature="setUp()[pri:0, instance:com.jbk.Test.LoginPageTest@6d78f375]" name="setUp" is-config="true" duration-ms="5002" started-at="2021-07-09T19:03:24Z" finished-at="2021-07-09T19:03:29Z">
          <reporter-output>
          </reporter-output>
        </test-method> <!-- setUp -->
        <test-method status="FAIL" signature="invalidLoginTest()[pri:1, instance:com.jbk.Test.LoginPageTest@6d78f375]" name="invalidLoginTest" duration-ms="33" started-at="2021-07-09T19:03:29Z" finished-at="2021-07-09T19:03:29Z">
          <exception class="java.lang.IllegalArgumentException">
            <message>
              <![CDATA[Keys to send should be a not null CharSequence]]>
            </message>
            <full-stacktrace>
              <![CDATA[java.lang.IllegalArgumentException: Keys to send should be a not null CharSequence
at org.openqa.selenium.remote.RemoteWebElement.sendKeys(RemoteWebElement.java:93)
at sun.reflect.GeneratedMethodAccessor1.invoke(Unknown Source)
at sun.reflect.DelegatingMethodAccessorImpl.invoke(DelegatingMethodAccessorImpl.java:43)
at java.lang.reflect.Method.invoke(Method.java:497)
at org.openqa.selenium.support.pagefactory.internal.LocatingElementHandler.invoke(LocatingElementHandler.java:51)
at com.sun.proxy.$Proxy7.sendKeys(Unknown Source)
at com.jbk.Pages.LoginPage.invalidLogin(LoginPage.java:21)
at com.jbk.Test.LoginPageTest.invalidLoginTest(LoginPageTest.java:25)
at sun.reflect.NativeMethodAccessorImpl.invoke0(Native Method)
at sun.reflect.NativeMethodAccessorImpl.invoke(NativeMethodAccessorImpl.java:62)
at sun.reflect.DelegatingMethodAccessorImpl.invoke(DelegatingMethodAccessorImpl.java:43)
at java.lang.reflect.Method.invoke(Method.java:497)
at org.testng.internal.MethodInvocationHelper.invokeMethod(MethodInvocationHelper.java:124)
at org.testng.internal.Invoker.invokeMethod(Invoker.java:583)
at org.testng.internal.Invoker.invokeTestMethod(Invoker.java:719)
at org.testng.internal.Invoker.invokeTestMethods(Invoker.java:989)
at org.testng.internal.TestMethodWorker.invokeTestMethods(TestMethodWorker.java:125)
at org.testng.internal.TestMethodWorker.run(TestMethodWorker.java:109)
at org.testng.TestRunner.privateRun(TestRunner.java:648)
at org.testng.TestRunner.run(TestRunner.java:505)
at org.testng.SuiteRunner.runTest(SuiteRunner.java:455)
at org.testng.SuiteRunner.runSequentially(SuiteRunner.java:450)
at org.testng.SuiteRunner.privateRun(SuiteRunner.java:415)
at org.testng.SuiteRunner.run(SuiteRunner.java:364)
at org.testng.SuiteRunnerWorker.runSuite(SuiteRunnerWorker.java:52)
at org.testng.SuiteRunnerWorker.run(SuiteRunnerWorker.java:84)
at org.testng.TestNG.runSuitesSequentially(TestNG.java:1208)
at org.testng.TestNG.runSuitesLocally(TestNG.java:1137)
at org.testng.TestNG.runSuites(TestNG.java:1049)
at org.testng.TestNG.run(TestNG.java:1017)
at org.apache.maven.surefire.testng.TestNGExecutor.run(TestNGExecutor.java:284)
at org.apache.maven.surefire.testng.TestNGXmlTestSuite.execute(TestNGXmlTestSuite.java:75)
at org.apache.maven.surefire.testng.TestNGProvider.invoke(TestNGProvider.java:119)
at org.apache.maven.surefire.booter.ForkedBooter.runSuitesInProcess(ForkedBooter.java:428)
at org.apache.maven.surefire.booter.ForkedBooter.execute(ForkedBooter.java:162)
at org.apache.maven.surefire.booter.ForkedBooter.run(ForkedBooter.java:562)
at org.apache.maven.surefire.booter.ForkedBooter.main(ForkedBooter.java:548)
]]>
            </full-stacktrace>
          </exception> <!-- java.lang.IllegalArgumentException -->
          <reporter-output>
          </reporter-output>
        </test-method> <!-- invalidLoginTest -->
      </class> <!-- com.jbk.Test.LoginPageTest -->
    </test> <!-- Test -->
  </suite> <!-- Suite -->
</testng-results>
