<?xml version="1.0" encoding="UTF-8"?>
<!-- Generated by org.testng.reporters.JUnitReportReporter -->
<testsuite name="com.jbk.Test.UserPageTest" tests="1" time="6.974" ignored="8" failures="1" timestamp="13 Jul 2021 12:26:04 GMT" skipped="0" hostname="DESKTOP-AB1UVI3" errors="0">
  <testcase name="verifyHeaderOfUPTest" time="6.974" classname="com.jbk.Test.UserPageTest">
    <failure type="java.lang.AssertionError" message="lists don&#039;t have the same size expected [8] but found [5]">
      <![CDATA[java.lang.AssertionError: lists don't have the same size expected [8] but found [5]
	at org.testng.Assert.fail(Assert.java:94)
	at org.testng.Assert.failNotEquals(Assert.java:513)
	at org.testng.Assert.assertEqualsImpl(Assert.java:135)
	at org.testng.Assert.assertEquals(Assert.java:116)
	at org.testng.Assert.assertEquals(Assert.java:389)
	at org.testng.Assert.assertEquals(Assert.java:556)
	at org.testng.Assert.assertEquals(Assert.java:533)
	at com.jbk.Test.UserPageTest.verifyHeaderOfUPTest(UserPageTest.java:30)
	at sun.reflect.NativeMethodAccessorImpl.invoke0(Native Method)
	at sun.reflect.NativeMethodAccessorImpl.invoke(NativeMethodAccessorImpl.java:62)
	at sun.reflect.DelegatingMethodAccessorImpl.invoke(DelegatingMethodAccessorImpl.java:43)
	at java.lang.reflect.Method.invoke(Method.java:497)
	at org.testng.internal.MethodInvocationHelper.invokeMethod(MethodInvocationHelper.java:104)
	at org.testng.internal.Invoker.invokeMethod(Invoker.java:645)
	at org.testng.internal.Invoker.invokeTestMethod(Invoker.java:851)
	at org.testng.internal.Invoker.invokeTestMethods(Invoker.java:1177)
	at org.testng.internal.TestMethodWorker.invokeTestMethods(TestMethodWorker.java:129)
	at org.testng.internal.TestMethodWorker.run(TestMethodWorker.java:112)
	at org.testng.TestRunner.privateRun(TestRunner.java:756)
	at org.testng.TestRunner.run(TestRunner.java:610)
	at org.testng.SuiteRunner.runTest(SuiteRunner.java:387)
	at org.testng.SuiteRunner.runSequentially(SuiteRunner.java:382)
	at org.testng.SuiteRunner.privateRun(SuiteRunner.java:340)
	at org.testng.SuiteRunner.run(SuiteRunner.java:289)
	at org.testng.SuiteRunnerWorker.runSuite(SuiteRunnerWorker.java:52)
	at org.testng.SuiteRunnerWorker.run(SuiteRunnerWorker.java:86)
	at org.testng.TestNG.runSuitesSequentially(TestNG.java:1293)
	at org.testng.TestNG.runSuitesLocally(TestNG.java:1218)
	at org.testng.TestNG.runSuites(TestNG.java:1133)
	at org.testng.TestNG.run(TestNG.java:1104)
	at org.testng.remote.AbstractRemoteTestNG.run(AbstractRemoteTestNG.java:132)
	at org.testng.remote.RemoteTestNG.initAndRun(RemoteTestNG.java:236)
	at org.testng.remote.RemoteTestNG.main(RemoteTestNG.java:81)
]]>
    </failure>
  </testcase> <!-- verifyHeaderOfUPTest -->
  <testcase name="UserGenderTest" classname="com.jbk.Test.UserPageTest">
    <skipped/>
  </testcase> <!-- UserGenderTest -->
  <testcase name="addUserTest" classname="com.jbk.Test.UserPageTest">
    <skipped/>
  </testcase> <!-- addUserTest -->
  <testcase name="VerifyGenderTest" classname="com.jbk.Test.UserPageTest">
    <skipped/>
  </testcase> <!-- VerifyGenderTest -->
  <testcase name="verifyStateTest" classname="com.jbk.Test.UserPageTest">
    <skipped/>
  </testcase> <!-- verifyStateTest -->
  <testcase name="VerifyValidMobnoTest" classname="com.jbk.Test.UserPageTest">
    <skipped/>
  </testcase> <!-- VerifyValidMobnoTest -->
  <testcase name="UserPageTitleTest" classname="com.jbk.Test.UserPageTest">
    <skipped/>
  </testcase> <!-- UserPageTitleTest -->
  <testcase name="printUserTableTest" classname="com.jbk.Test.UserPageTest">
    <skipped/>
  </testcase> <!-- printUserTableTest -->
  <testcase name="ContactDetailsTest" classname="com.jbk.Test.UserPageTest">
    <skipped/>
  </testcase> <!-- ContactDetailsTest -->
</testsuite> <!-- com.jbk.Test.UserPageTest -->
