<?xml version="1.0" encoding="UTF-8"?>
<!-- Generated by org.testng.reporters.JUnitXMLReporter -->
<testsuite hostname="DESKTOP-AB1UVI3" ignored="0" name="Offline website testcases" tests="26" failures="2" timestamp="13 Jul 2021 07:13:27 GMT" time="195.107" errors="0">
  <testcase name="TestURLTest" time="0.059" classname="com.jbk.Test.DashboardPageTest"/>
  <testcase name="Verify_CoursesTest" time="0.226" classname="com.jbk.Test.DashboardPageTest"/>
  <testcase name="Verify_Sub_CoursesTest" time="0.164" classname="com.jbk.Test.DashboardPageTest"/>
  <testcase name="verifyDashHeadingTest" time="0.122" classname="com.jbk.Test.DashboardPageTest"/>
  <testcase name="verifyDashTitleTest" time="0.008" classname="com.jbk.Test.DashboardPageTest"/>
  <testcase name="verify_menusTest" time="0.245" classname="com.jbk.Test.DashboardPageTest"/>
  <testcase name="verifyHeaderOfUPTest" time="0.74" classname="com.jbk.Test.UserPageTest">
    <failure type="java.lang.AssertionError" message="lists don&amp;apos;t have the same size expected [8] but found [5]">
      <![CDATA[java.lang.AssertionError: lists don't have the same size expected [8] but found [5]
	at com.jbk.Test.UserPageTest.verifyHeaderOfUPTest(UserPageTest.java:30)
... Removed 32 stack frames]]>
    </failure>
  </testcase> <!-- verifyHeaderOfUPTest -->
  <testcase name="validUserForWhatsappAndPhoneCalls" time="0.555" classname="com.jbk.Test.OperatorPageTest"/>
  <testcase name="invalidLoginTest" time="0.782" classname="com.jbk.Test.LoginPageTest"/>
  <testcase name="VerifyGenderTest" time="0.085" classname="com.jbk.Test.UserPageTest"/>
  <testcase name="TechnicalPersonTest" time="1.068" classname="com.jbk.Test.OperatorPageTest"/>
  <testcase name="Log_InTest" time="1.804" classname="com.jbk.Test.LoginPageTest"/>
  <testcase name="verifyStateTest" time="0.221" classname="com.jbk.Test.UserPageTest"/>
  <testcase name="TestHeader" time="1.354" classname="com.jbk.Test.OperatorPageTest"/>
  <testcase name="Register_New_MemberTest" time="2.385" classname="com.jbk.Test.LoginPageTest"/>
  <testcase name="UserPageTitleTest" time="0.016" classname="com.jbk.Test.UserPageTest"/>
  <testcase name="verifyTitle" time="0.012" classname="com.jbk.Test.OperatorPageTest"/>
  <testcase name="verifyLogoTest" time="0.358" classname="com.jbk.Test.LoginPageTest"/>
  <testcase name="VerifyValidMobnoTest" time="0.51" classname="com.jbk.Test.UserPageTest">
    <failure type="java.lang.AssertionError" message="Lists differ at element [0]: [[ChromeDriver: chrome on WINDOWS (294d212e97e5bc0934aa4f45a656a408)] -&amp;gt; xpath: //td[4]] != [[ChromeDriver: chrome on WINDOWS (294d212e97e5bc0934aa4f45a656a408)] -&amp;gt; xpath: //tr/td[2]] expected [[[ChromeDriver: chrome on WINDOWS (294d212e97e5bc0934aa4f45a656a408)] -&amp;gt; xpath: //td[4]]] but found [[[ChromeDriver: chrome on WINDOWS (294d212e97e5bc0934aa4f45a656a408)] -&amp;gt; xpath: //tr/td[2]]]">
      <![CDATA[java.lang.AssertionError: Lists differ at element [0]: [[ChromeDriver: chrome on WINDOWS (294d212e97e5bc0934aa4f45a656a408)] -> xpath: //td[4]] != [[ChromeDriver: chrome on WINDOWS (294d212e97e5bc0934aa4f45a656a408)] -> xpath: //tr/td[2]] expected [[[ChromeDriver: chrome on WINDOWS (294d212e97e5bc0934aa4f45a656a408)] -> xpath: //td[4]]] but found [[[ChromeDriver: chrome on WINDOWS (294d212e97e5bc0934aa4f45a656a408)] -> xpath: //tr/td[2]]]
	at com.jbk.Test.UserPageTest.VerifyValidMobnoTest(UserPageTest.java:50)
... Removed 30 stack frames]]>
    </failure>
  </testcase> <!-- VerifyValidMobnoTest -->
  <testcase name="printUserTableTest" time="0.32" classname="com.jbk.Test.UserPageTest"/>
  <testcase name="printUsersWithTimingsTest" time="0.499" classname="com.jbk.Test.OperatorPageTest"/>
  <testcase name="checkHeaderTest" time="0.112" classname="com.jbk.Test.LoginPageTest"/>
  <testcase name="addUserTest" time="3.914" classname="com.jbk.Test.UserPageTest"/>
  <testcase name="subHeadingTest" time="0.188" classname="com.jbk.Test.LoginPageTest"/>
  <testcase name="ContactDetailsTest" time="0.594" classname="com.jbk.Test.UserPageTest"/>
  <testcase name="UserGenderTest" time="2.219" classname="com.jbk.Test.UserPageTest"/>
</testsuite> <!-- Offline website testcases -->
