<html>
<head>
<title>TestNG:  Offline website testcases</title>
<link href="../testng.css" rel="stylesheet" type="text/css" />
<link href="../my-testng.css" rel="stylesheet" type="text/css" />

<style type="text/css">
.log { display: none;} 
.stack-trace { display: none;} 
</style>
<script type="text/javascript">
<!--
function flip(e) {
  current = e.style.display;
  if (current == 'block') {
    e.style.display = 'none';
    return 0;
  }
  else {
    e.style.display = 'block';
    return 1;
  }
}

function toggleBox(szDivId, elem, msg1, msg2)
{
  var res = -1;  if (document.getElementById) {
    res = flip(document.getElementById(szDivId));
  }
  else if (document.all) {
    // this is the way old msie versions work
    res = flip(document.all[szDivId]);
  }
  if(elem) {
    if(res == 0) elem.innerHTML = msg1; else elem.innerHTML = msg2;
  }

}

function toggleAllBoxes() {
  if (document.getElementsByTagName) {
    d = document.getElementsByTagName('div');
    for (i = 0; i < d.length; i++) {
      if (d[i].className == 'log') {
        flip(d[i]);
      }
    }
  }
}

// -->
</script>

</head>
<body>
<h2 align='center'>Offline website testcases</h2><table border='1' align="center">
<tr>
<td>Tests passed/Failed/Skipped:</td><td>24/2/0</td>
</tr><tr>
<td>Started on:</td><td>Tue Jul 13 12:40:12 IST 2021</td>
</tr>
<tr><td>Total time:</td><td>195 seconds (195107 ms)</td>
</tr><tr>
<td>Included groups:</td><td></td>
</tr><tr>
<td>Excluded groups:</td><td></td>
</tr>
</table><p/>
<small><i>(Hover the method name to see the test class name)</i></small><p/>
<table width='100%' border='1' class='invocation-failed'>
<tr><td colspan='4' align='center'><b>FAILED TESTS</b></td></tr>
<tr><td><b>Test method</b></td>
<td width="30%"><b>Exception</b></td>
<td width="10%"><b>Time (seconds)</b></td>
<td><b>Instance</b></td>
</tr>
<tr>
<td title='com.jbk.Test.UserPageTest.VerifyValidMobnoTest()'><b>VerifyValidMobnoTest</b><br>Test class: com.jbk.Test.UserPageTest</td>
<td><div><pre>java.lang.AssertionError: Lists differ at element [0]: [[ChromeDriver: chrome on WINDOWS (294d212e97e5bc0934aa4f45a656a408)] -&gt; xpath: //td[4]] != [[ChromeDriver: chrome on WINDOWS (294d212e97e5bc0934aa4f45a656a408)] -&gt; xpath: //tr/td[2]] expected [[[ChromeDriver: chrome on WINDOWS (294d212e97e5bc0934aa4f45a656a408)] -&gt; xpath: //td[4]]] but found [[[ChromeDriver: chrome on WINDOWS (294d212e97e5bc0934aa4f45a656a408)] -&gt; xpath: //tr/td[2]]]
	at com.jbk.Test.UserPageTest.VerifyValidMobnoTest(UserPageTest.java:50)
... Removed 30 stack frames</pre></div><a href='#' onClick='toggleBox("stack-trace1252138909", this, "Click to show all stack frames", "Click to hide stack frames")'>Click to show all stack frames</a>
<div class='stack-trace' id='stack-trace1252138909'><pre>java.lang.AssertionError: Lists differ at element [0]: [[ChromeDriver: chrome on WINDOWS (294d212e97e5bc0934aa4f45a656a408)] -&gt; xpath: //td[4]] != [[ChromeDriver: chrome on WINDOWS (294d212e97e5bc0934aa4f45a656a408)] -&gt; xpath: //tr/td[2]] expected [[[ChromeDriver: chrome on WINDOWS (294d212e97e5bc0934aa4f45a656a408)] -&gt; xpath: //td[4]]] but found [[[ChromeDriver: chrome on WINDOWS (294d212e97e5bc0934aa4f45a656a408)] -&gt; xpath: //tr/td[2]]]
	at org.testng.Assert.fail(Assert.java:94)
	at org.testng.Assert.failNotEquals(Assert.java:513)
	at org.testng.Assert.assertEqualsImpl(Assert.java:135)
	at org.testng.Assert.assertEquals(Assert.java:568)
	at org.testng.Assert.assertEquals(Assert.java:533)
	at com.jbk.Test.UserPageTest.VerifyValidMobnoTest(UserPageTest.java:50)
	at sun.reflect.NativeMethodAccessorImpl.invoke0(Native Method)
	at sun.reflect.NativeMethodAccessorImpl.invoke(NativeMethodAccessorImpl.java:62)
	at sun.reflect.DelegatingMethodAccessorImpl.invoke(DelegatingMethodAccessorImpl.java:43)
	at java.lang.reflect.Method.invoke(Method.java:497)
	at org.testng.internal.MethodInvocationHelper.invokeMethod(MethodInvocationHelper.java:104)
	at org.testng.internal.Invoker.invokeMethod(Invoker.java:645)
	at org.testng.internal.Invoker.invokeTestMethod(Invoker.java:851)
	at org.testng.internal.Invoker.invokeTestMethods(Invoker.java:1177)
	at org.testng.internal.TestMethodWorker.invokeTestMethods(TestMethodWorker.java:129)
	at org.testng.internal.TestMethodWorker.run(TestMethodWorker.java:112)
	at org.testng.TestRunner.privateRun(TestRunner.java:756)
	at org.testng.TestRunner.run(TestRunner.java:610)
	at org.testng.SuiteRunner.runTest(SuiteRunner.java:387)
	at org.testng.SuiteRunner.runSequentially(SuiteRunner.java:382)
	at org.testng.SuiteRunner.privateRun(SuiteRunner.java:340)
	at org.testng.SuiteRunner.run(SuiteRunner.java:289)
	at org.testng.SuiteRunnerWorker.runSuite(SuiteRunnerWorker.java:52)
	at org.testng.SuiteRunnerWorker.run(SuiteRunnerWorker.java:86)
	at org.testng.TestNG.runSuitesSequentially(TestNG.java:1293)
	at org.testng.TestNG.runSuitesLocally(TestNG.java:1218)
	at org.testng.TestNG.runSuites(TestNG.java:1133)
	at org.testng.TestNG.run(TestNG.java:1104)
	at org.testng.remote.AbstractRemoteTestNG.run(AbstractRemoteTestNG.java:132)
	at org.testng.remote.RemoteTestNG.initAndRun(RemoteTestNG.java:236)
	at org.testng.remote.RemoteTestNG.main(RemoteTestNG.java:81)
</pre></div></td>
<td>0</td>
<td>com.jbk.Test.UserPageTest@66a3ffec</td></tr>
<tr>
<td title='com.jbk.Test.UserPageTest.verifyHeaderOfUPTest()'><b>verifyHeaderOfUPTest</b><br>Test class: com.jbk.Test.UserPageTest</td>
<td><div><pre>java.lang.AssertionError: lists don&apos;t have the same size expected [8] but found [5]
	at com.jbk.Test.UserPageTest.verifyHeaderOfUPTest(UserPageTest.java:30)
... Removed 32 stack frames</pre></div><a href='#' onClick='toggleBox("stack-trace2123914473", this, "Click to show all stack frames", "Click to hide stack frames")'>Click to show all stack frames</a>
<div class='stack-trace' id='stack-trace2123914473'><pre>java.lang.AssertionError: lists don&apos;t have the same size expected [8] but found [5]
	at org.testng.Assert.fail(Assert.java:94)
	at org.testng.Assert.failNotEquals(Assert.java:513)
	at org.testng.Assert.assertEqualsImpl(Assert.java:135)
	at org.testng.Assert.assertEquals(Assert.java:116)
	at org.testng.Assert.assertEquals(Assert.java:389)
	at org.testng.Assert.assertEquals(Assert.java:556)
	at org.testng.Assert.assertEquals(Assert.java:533)
	at com.jbk.Test.UserPageTest.verifyHeaderOfUPTest(UserPageTest.java:30)
	at sun.reflect.NativeMethodAccessorImpl.invoke0(Native Method)
	at sun.reflect.NativeMethodAccessorImpl.invoke(NativeMethodAccessorImpl.java:62)
	at sun.reflect.DelegatingMethodAccessorImpl.invoke(DelegatingMethodAccessorImpl.java:43)
	at java.lang.reflect.Method.invoke(Method.java:497)
	at org.testng.internal.MethodInvocationHelper.invokeMethod(MethodInvocationHelper.java:104)
	at org.testng.internal.Invoker.invokeMethod(Invoker.java:645)
	at org.testng.internal.Invoker.invokeTestMethod(Invoker.java:851)
	at org.testng.internal.Invoker.invokeTestMethods(Invoker.java:1177)
	at org.testng.internal.TestMethodWorker.invokeTestMethods(TestMethodWorker.java:129)
	at org.testng.internal.TestMethodWorker.run(TestMethodWorker.java:112)
	at org.testng.TestRunner.privateRun(TestRunner.java:756)
	at org.testng.TestRunner.run(TestRunner.java:610)
	at org.testng.SuiteRunner.runTest(SuiteRunner.java:387)
	at org.testng.SuiteRunner.runSequentially(SuiteRunner.java:382)
	at org.testng.SuiteRunner.privateRun(SuiteRunner.java:340)
	at org.testng.SuiteRunner.run(SuiteRunner.java:289)
	at org.testng.SuiteRunnerWorker.runSuite(SuiteRunnerWorker.java:52)
	at org.testng.SuiteRunnerWorker.run(SuiteRunnerWorker.java:86)
	at org.testng.TestNG.runSuitesSequentially(TestNG.java:1293)
	at org.testng.TestNG.runSuitesLocally(TestNG.java:1218)
	at org.testng.TestNG.runSuites(TestNG.java:1133)
	at org.testng.TestNG.run(TestNG.java:1104)
	at org.testng.remote.AbstractRemoteTestNG.run(AbstractRemoteTestNG.java:132)
	at org.testng.remote.RemoteTestNG.initAndRun(RemoteTestNG.java:236)
	at org.testng.remote.RemoteTestNG.main(RemoteTestNG.java:81)
</pre></div></td>
<td>0</td>
<td>com.jbk.Test.UserPageTest@66a3ffec</td></tr>
</table><p>
<table width='100%' border='1' class='invocation-passed'>
<tr><td colspan='4' align='center'><b>PASSED TESTS</b></td></tr>
<tr><td><b>Test method</b></td>
<td width="30%"><b>Exception</b></td>
<td width="10%"><b>Time (seconds)</b></td>
<td><b>Instance</b></td>
</tr>
<tr>
<td title='com.jbk.Test.UserPageTest.ContactDetailsTest()'><b>ContactDetailsTest</b><br>Test class: com.jbk.Test.UserPageTest</td>
<td></td>
<td>0</td>
<td>com.jbk.Test.UserPageTest@66a3ffec</td></tr>
<tr>
<td title='com.jbk.Test.LoginPageTest.Log_InTest()'><b>Log_InTest</b><br>Test class: com.jbk.Test.LoginPageTest</td>
<td></td>
<td>1</td>
<td>com.jbk.Test.LoginPageTest@1e88b3c</td></tr>
<tr>
<td title='com.jbk.Test.LoginPageTest.Register_New_MemberTest()'><b>Register_New_MemberTest</b><br>Test class: com.jbk.Test.LoginPageTest</td>
<td></td>
<td>2</td>
<td>com.jbk.Test.LoginPageTest@1e88b3c</td></tr>
<tr>
<td title='com.jbk.Test.OperatorPageTest.TechnicalPersonTest()'><b>TechnicalPersonTest</b><br>Test class: com.jbk.Test.OperatorPageTest</td>
<td></td>
<td>1</td>
<td>com.jbk.Test.OperatorPageTest@77caeb3e</td></tr>
<tr>
<td title='com.jbk.Test.OperatorPageTest.TestHeader()'><b>TestHeader</b><br>Test class: com.jbk.Test.OperatorPageTest</td>
<td></td>
<td>1</td>
<td>com.jbk.Test.OperatorPageTest@77caeb3e</td></tr>
<tr>
<td title='com.jbk.Test.DashboardPageTest.TestURLTest()'><b>TestURLTest</b><br>Test class: com.jbk.Test.DashboardPageTest</td>
<td></td>
<td>0</td>
<td>com.jbk.Test.DashboardPageTest@42d80b78</td></tr>
<tr>
<td title='com.jbk.Test.UserPageTest.UserGenderTest()'><b>UserGenderTest</b><br>Test class: com.jbk.Test.UserPageTest</td>
<td></td>
<td>2</td>
<td>com.jbk.Test.UserPageTest@66a3ffec</td></tr>
<tr>
<td title='com.jbk.Test.UserPageTest.UserPageTitleTest()'><b>UserPageTitleTest</b><br>Test class: com.jbk.Test.UserPageTest</td>
<td></td>
<td>0</td>
<td>com.jbk.Test.UserPageTest@66a3ffec</td></tr>
<tr>
<td title='com.jbk.Test.UserPageTest.VerifyGenderTest()'><b>VerifyGenderTest</b><br>Test class: com.jbk.Test.UserPageTest</td>
<td></td>
<td>0</td>
<td>com.jbk.Test.UserPageTest@66a3ffec</td></tr>
<tr>
<td title='com.jbk.Test.DashboardPageTest.Verify_CoursesTest()'><b>Verify_CoursesTest</b><br>Test class: com.jbk.Test.DashboardPageTest</td>
<td></td>
<td>0</td>
<td>com.jbk.Test.DashboardPageTest@42d80b78</td></tr>
<tr>
<td title='com.jbk.Test.DashboardPageTest.Verify_Sub_CoursesTest()'><b>Verify_Sub_CoursesTest</b><br>Test class: com.jbk.Test.DashboardPageTest</td>
<td></td>
<td>0</td>
<td>com.jbk.Test.DashboardPageTest@42d80b78</td></tr>
<tr>
<td title='com.jbk.Test.UserPageTest.addUserTest()'><b>addUserTest</b><br>Test class: com.jbk.Test.UserPageTest</td>
<td></td>
<td>3</td>
<td>com.jbk.Test.UserPageTest@66a3ffec</td></tr>
<tr>
<td title='com.jbk.Test.LoginPageTest.checkHeaderTest()'><b>checkHeaderTest</b><br>Test class: com.jbk.Test.LoginPageTest</td>
<td></td>
<td>0</td>
<td>com.jbk.Test.LoginPageTest@1e88b3c</td></tr>
<tr>
<td title='com.jbk.Test.LoginPageTest.invalidLoginTest()'><b>invalidLoginTest</b><br>Test class: com.jbk.Test.LoginPageTest</td>
<td></td>
<td>0</td>
<td>com.jbk.Test.LoginPageTest@1e88b3c</td></tr>
<tr>
<td title='com.jbk.Test.UserPageTest.printUserTableTest()'><b>printUserTableTest</b><br>Test class: com.jbk.Test.UserPageTest</td>
<td></td>
<td>0</td>
<td>com.jbk.Test.UserPageTest@66a3ffec</td></tr>
<tr>
<td title='com.jbk.Test.OperatorPageTest.printUsersWithTimingsTest()'><b>printUsersWithTimingsTest</b><br>Test class: com.jbk.Test.OperatorPageTest</td>
<td></td>
<td>0</td>
<td>com.jbk.Test.OperatorPageTest@77caeb3e</td></tr>
<tr>
<td title='com.jbk.Test.LoginPageTest.subHeadingTest()'><b>subHeadingTest</b><br>Test class: com.jbk.Test.LoginPageTest</td>
<td></td>
<td>0</td>
<td>com.jbk.Test.LoginPageTest@1e88b3c</td></tr>
<tr>
<td title='com.jbk.Test.OperatorPageTest.validUserForWhatsappAndPhoneCalls()'><b>validUserForWhatsappAndPhoneCalls</b><br>Test class: com.jbk.Test.OperatorPageTest</td>
<td></td>
<td>0</td>
<td>com.jbk.Test.OperatorPageTest@77caeb3e</td></tr>
<tr>
<td title='com.jbk.Test.DashboardPageTest.verifyDashHeadingTest()'><b>verifyDashHeadingTest</b><br>Test class: com.jbk.Test.DashboardPageTest</td>
<td></td>
<td>0</td>
<td>com.jbk.Test.DashboardPageTest@42d80b78</td></tr>
<tr>
<td title='com.jbk.Test.DashboardPageTest.verifyDashTitleTest()'><b>verifyDashTitleTest</b><br>Test class: com.jbk.Test.DashboardPageTest</td>
<td></td>
<td>0</td>
<td>com.jbk.Test.DashboardPageTest@42d80b78</td></tr>
<tr>
<td title='com.jbk.Test.LoginPageTest.verifyLogoTest()'><b>verifyLogoTest</b><br>Test class: com.jbk.Test.LoginPageTest</td>
<td></td>
<td>0</td>
<td>com.jbk.Test.LoginPageTest@1e88b3c</td></tr>
<tr>
<td title='com.jbk.Test.UserPageTest.verifyStateTest()'><b>verifyStateTest</b><br>Test class: com.jbk.Test.UserPageTest</td>
<td></td>
<td>0</td>
<td>com.jbk.Test.UserPageTest@66a3ffec</td></tr>
<tr>
<td title='com.jbk.Test.OperatorPageTest.verifyTitle()'><b>verifyTitle</b><br>Test class: com.jbk.Test.OperatorPageTest</td>
<td></td>
<td>0</td>
<td>com.jbk.Test.OperatorPageTest@77caeb3e</td></tr>
<tr>
<td title='com.jbk.Test.DashboardPageTest.verify_menusTest()'><b>verify_menusTest</b><br>Test class: com.jbk.Test.DashboardPageTest</td>
<td></td>
<td>0</td>
<td>com.jbk.Test.DashboardPageTest@42d80b78</td></tr>
</table><p>
</body>
</html>